<?xml version="1.0" encoding="UTF-8"?>
<testsuite name="SILab2Test" tests="1" skipped="0" failures="0" errors="0" timestamp="2023-05-28T17:08:09" hostname="DESKTOP-S1G1R1B" time="0.056">
  <properties/>
  <testcase name="test2()" classname="SILab2Test" time="0.056"/>
  <system-out><![CDATA[]]></system-out>
  <system-err><![CDATA[]]></system-err>
</testsuite>
